<?xml version="1.0" encoding="UTF-8"?>
<testsuite name="com.sial.SST_Loader.AppTest" tests="1" skipped="0" failures="0" errors="0" timestamp="2015-05-15T16:54:37" hostname="uc1f-bioinfocloud-vladimir-marketing.c.quantum-device-854.internal" time="0.004">
  <properties/>
  <testcase name="testApp" classname="com.sial.SST_Loader.AppTest" time="0.004"/>
  <system-out><![CDATA[]]></system-out>
  <system-err><![CDATA[]]></system-err>
</testsuite>
